{"message":"expected one of `:`, `;`, `=`, or `@`, found `,`","code":null,"level":"error","spans":[{"file_name":"src/main.rs","byte_start":65,"byte_end":66,"line_start":4,"line_end":4,"column_start":21,"column_end":22,"is_primary":true,"text":[{"text":"    let program_name, arguments = user_input.split_whitespace();","highlight_start":21,"highlight_end":22}],"label":"expected one of `:`, `;`, `=`, or `@` here","suggested_replacement":null,"expansion":null}],"children":[],"rendered":"error: expected one of `:`, `;`, `=`, or `@`, found `,`\n --> src/main.rs:4:21\n  |\n4 |     let program_name, arguments = user_input.split_whitespace();\n  |                     ^ expected one of `:`, `;`, `=`, or `@` here\n\n"}
error: expected one of `:`, `;`, `=`, or `@`, found `,`
 --> <stdin>:6:21
  |
6 |     let program_name, arguments = user_input.split_whitespace();
  |                     ^ expected one of `:`, `;`, `=`, or `@` here

error: expected one of `:`, `;`, `=`, or `@`, found `,`
 --> <stdin>:8:21
  |
8 |     let program_name, arguments = user_input.split_whitespace();
  |                     ^ expected one of `:`, `;`, `=`, or `@` here

error: expected one of `:`, `;`, `=`, or `@`, found `,`
 --> <stdin>:8:21
  |
8 |     let program_name, arguments = user_input.split_whitespace();
  |                     ^ expected one of `:`, `;`, `=`, or `@` here

error: expected one of `:`, `;`, `=`, or `@`, found `,`
 --> <stdin>:8:21
  |
8 |     let program_name, arguments = user_input.split_whitespace();
  |                     ^ expected one of `:`, `;`, `=`, or `@` here

thread 'request-worker-7' panicked at 'byte index 18446744073709551615 is out of bounds of `use std::env;

fn main() {
    let args: Vec<String> = env::args().collect();

    if args.len() < 2 {

    }
    else {

    }

                                   
                                                                    
                      `[...]', libcore/str/mod.rs:2221:9
note: Run with `RUST_BACKTRACE=1` for a backtrace.
thread 'request-worker-7' panicked at 'byte index 18446744073709551615 is out of bounds of `use std::env;

fn main() {
    let args: Vec<String> = env::args().collect();

    if args.len() < 2 {

    }
    else {

    }

                                   
                                                                    
                      `[...]', libcore/str/mod.rs:2221:9
thread 'request-worker-0' panicked at 'byte index 18446744073709551615 is out of bounds of `use std::env;

fn main() {
    let args: Vec<String> = env::args().collect();

    if args.len() < 2 {

    }
    else {

    }

                                   
                                                                    
                      `[...]', libcore/str/mod.rs:2221:9
thread 'request-worker-3' panicked at 'byte index 18446744073709551615 is out of bounds of `use std::env;

fn main() {
    let args: Vec<String> = env::args().collect();

    if args.len() < 2 {
        print_usage();
        return;
    }

    let command_name = &args[0];

                                                                    
    `[...]', libcore/str/mod.rs:2221:9
error: expected one of `.`, `;`, `?`, `}`, or an operator, found `let`
  --> <stdin>:29:5
   |
27 |     "hello".to_owned()
   |                       - expected one of `.`, `;`, `?`, `}`, or an operator here
28 | 
29 |     let proto_path = format!("/usr/share/man/{}.1", program_name);
   |     ^^^ unexpected token

error: expected one of `.`, `;`, `?`, or an operator, found `}`
  --> <stdin>:32:1
   |
31 |     let content = File::open()
   |                               - expected one of `.`, `;`, `?`, or an operator here
32 | }
   | ^ unexpected token

error: expected one of `.`, `;`, `?`, or an operator, found `}`
  --> <stdin>:30:1
   |
29 |     let content = File::open()
   |                               - expected one of `.`, `;`, `?`, or an operator here
30 | }
   | ^ unexpected token

error: expected one of `.`, `;`, `?`, or an operator, found `}`
  --> <stdin>:30:1
   |
29 |     let content = File::open(proto_path)
   |                                         - expected one of `.`, `;`, `?`, or an operator here
30 | }
   | ^ unexpected token

error: expected identifier, found keyword `fn`
 --> bogofile:3:1
  |
3 | fn main() {
  | ^^

error: expected identifier, found keyword `fn`
 --> bogofile:3:1
  |
3 | fn main() {
  | ^^

