error: expected identifier, found keyword `fn`
 --> bogofile:3:1
  |
3 | fn main() {
  | ^^

error: expected identifier, found keyword `fn`
 --> bogofile:3:1
  |
3 | fn main() {
  | ^^

error: expected identifier, found keyword `fn`
 --> bogofile:3:1
  |
3 | fn main() {
  | ^^

error: expected identifier, found keyword `fn`
 --> bogofile:3:1
  |
3 | fn main() {
  | ^^

error: expected `where`, `{`, `(`, or `;` after struct name, found `trait`
 --> bogofile:3:1
  |
3 | trait Token<T> ;
  | ^^^^^

error: expected `where`, `{`, `(`, or `;` after struct name, found `trait`
 --> bogofile:3:1
  |
3 | trait Token<T> ;
  | ^^^^^

thread 'request-worker-0' panicked at 'byte index 18446744073709551615 is out of bounds of `
fn T`', libcore/str/mod.rs:2221:9
note: Run with `RUST_BACKTRACE=1` for a backtrace.
thread 'request-worker-1' panicked at 'byte index 18446744073709551615 is out of bounds of `
fn Tok`', libcore/str/mod.rs:2221:9
thread 'request-worker-6' panicked at 'byte index 18446744073709551615 is out of bounds of `
fn Toke`', libcore/str/mod.rs:2221:9
thread 'request-worker-3' panicked at 'byte index 18446744073709551615 is out of bounds of `
fn Token`', libcore/str/mod.rs:2221:9
thread 'request-worker-1' panicked at 'byte index 18446744073709551615 is out of bounds of `
fn Tokeni`', libcore/str/mod.rs:2221:9
thread 'request-worker-7' panicked at 'byte index 18446744073709551615 is out of bounds of `
fn Tokeniz`', libcore/str/mod.rs:2221:9
thread 'request-worker-2' panicked at 'byte index 18446744073709551615 is out of bounds of `
fn Tokenize`', libcore/str/mod.rs:2221:9
thread 'request-worker-2' panicked at 'Definition should have an end (`{` or `;`)', libcore/option.rs:917:5
error: expected identifier, found keyword `fn`
 --> bogofile:3:1
  |
3 | fn Tokenize(input: String) -> Vec<Token>
  | ^^

error: expected identifier, found keyword `fn`
 --> bogofile:3:1
  |
3 | fn Tokenize(input: String) -> Vec<Token>
  | ^^

error: expected one of `;` or `{`, found `::`
 --> <stdin>:2:14
  |
2 | pub mod token::Token;
  |              ^^ expected one of `;` or `{` here

error: expected one of `!` or `::`, found `}`
 --> <stdin>:2:20
  |
2 | pub mod token{Token};
  |                    ^ expected one of `!` or `::` here

error: expected one of `:`, `<`, `=`, `where`, or `{`, found `;`
 --> <stdin>:6:21
  |
6 | trait Classification;
  |                     ^ expected one of `:`, `<`, `=`, `where`, or `{` here

error: expected item, found `;`
 --> <stdin>:6:23
  |
6 | trait Classification{};
  |                       ^ help: consider removing this semicolon

error: expected one of `;` or `{`, found `::`
 --> <stdin>:2:14
  |
2 | pub mod token::{Token, classification};
  |              ^^ expected one of `;` or `{` here

error: expected identifier, found keyword `fn`
 --> bogofile:3:1
  |
3 | fn Tokenize(input: String) -> Vec<Token>
  | ^^

error: expected `;`, found `fn`
 --> <stdin>:3:1
  |
3 | fn Tokenize(input: String) -> Vec<Token>
  | ^^

error: expected one of `,` or `as`, found `;`
 --> bogofile:1:32
  |
1 | use man_parse::token::{Token, C;
  |                                ^

thread 'request-worker-7' panicked at 'begin <= end (277 <= 276) when slicing `                                                       pub trait Classification {}

pub struct Token<C: Classification> {
    class: C,
    value: String,
}

                                                                                                  `[...]', libcore/str/mod.rs:2225:5
thread 'request-worker-7' panicked at 'Can't find end of enum header', libcore/option.rs:917:5
thread 'request-worker-6' panicked at 'Can't find end of enum header', libcore/option.rs:917:5
thread 'request-worker-4' panicked at 'Can't find end of enum header', libcore/option.rs:917:5
thread 'request-worker-7' panicked at 'Can't find end of enum header', libcore/option.rs:917:5
error: expected one of `!`, `(`, `+`, `::`, `<`, `where`, or `{`, found `;`
  --> <stdin>:22:32
   |
22 | impl Classification for Testing;
   |                                ^ expected one of 7 possible tokens here

error: expected item, found `;`
  --> <stdin>:22:34
   |
22 | impl Classification for Testing{};
   |                                  ^ help: consider removing this semicolon

thread 'request-worker-6' panicked at 'byte index 18446744073709551615 is out of bounds of `mod man_parse;

use std::env;
use std::fs::File;
use std::io::Read;
use man_parse::token::Token;

fn main() {
    let args: Vec<String> = env::args().collect();

    if args.len() < 2 {
        print_usage();
        return;
    }

    let command_name = &`[...]', libcore/str/mod.rs:2221:9
thread 'request-worker-0' panicked at 'byte index 18446744073709551615 is out of bounds of `mod man_parse;

use std::env;
use std::fs::File;
use std::io::Read;
use man_parse::token::Token;

fn main() {
    let args: Vec<String> = env::args().collect();

    if args.len() < 2 {
        print_usage();
        return;
    }

    let command_name = &`[...]', libcore/str/mod.rs:2221:9
thread 'request-worker-6' panicked at 'byte index 18446744073709551615 is out of bounds of `mod man_parse;

use std::env;
use std::fs::File;
use std::io::Read;
use man_parse::token::Token;

fn main() {
    let args: Vec<String> = env::args().collect();

    if args.len() < 2 {
        print_usage();
        return;
    }

    let command_name = &`[...]', libcore/str/mod.rs:2221:9
thread 'request-worker-4' panicked at 'byte index 18446744073709551615 is out of bounds of `mod man_parse;

use std::env;
use std::fs::File;
use std::io::Read;
use man_parse::token::Token;

fn main() {
    let args: Vec<String> = env::args().collect();

    if args.len() < 2 {
        print_usage();
        return;
    }

    let command_name = &`[...]', libcore/str/mod.rs:2221:9
thread 'request-worker-5' panicked at 'byte index 18446744073709551615 is out of bounds of `mod man_parse;

use std::env;
use std::fs::File;
use std::io::Read;
use man_parse::token::Token;

fn main() {
    let args: Vec<String> = env::args().collect();

    if args.len() < 2 {
        print_usage();
        return;
    }

    let command_name = &`[...]', libcore/str/mod.rs:2221:9
thread 'request-worker-0' panicked at 'byte index 18446744073709551615 is out of bounds of `mod man_parse;

use std::env;
use std::fs::File;
use std::io::Read;
use man_parse::token::Token;

fn main() {
    let args: Vec<String> = env::args().collect();

    if args.len() < 2 {
        print_usage();
        return;
    }

    let command_name = &`[...]', libcore/str/mod.rs:2221:9
thread 'request-worker-3' panicked at 'byte index 18446744073709551615 is out of bounds of `mod man_parse;

use std::env;
use std::fs::File;
use std::io::Read;
use man_parse::token::Token;

fn main() {
    let args: Vec<String> = env::args().collect();

    if args.len() < 2 {
        print_usage();
        return;
    }

    let command_name = &`[...]', libcore/str/mod.rs:2221:9
thread 'request-worker-6' panicked at 'byte index 18446744073709551615 is out of bounds of `mod man_parse;

use std::env;
use std::fs::File;
use std::io::Read;
use man_parse::token::Token;

fn main() {
    let args: Vec<String> = env::args().collect();

    if args.len() < 2 {
        print_usage();
        return;
    }

    let command_name = &`[...]', libcore/str/mod.rs:2221:9
thread 'request-worker-7' panicked at 'byte index 18446744073709551615 is out of bounds of `mod man_parse;

use std::env;
use std::fs::File;
use std::io::Read;
use man_parse::token::Token;

fn main() {
    let args: Vec<String> = env::args().collect();

    if args.len() < 2 {
        print_usage();
        return;
    }

    let command_name = &`[...]', libcore/str/mod.rs:2221:9
thread 'request-worker-1' panicked at 'byte index 18446744073709551615 is out of bounds of `mod man_parse;

use std::env;
use std::fs::File;
use std::io::Read;
use man_parse::token::Token;

fn main() {
    let args: Vec<String> = env::args().collect();

    if args.len() < 2 {
        print_usage();
        return;
    }

    let command_name = &`[...]', libcore/str/mod.rs:2221:9
thread 'request-worker-3' panicked at 'byte index 18446744073709551615 is out of bounds of `use man_parse::token::{Classification, Token};

fn tokenize(input: String, classifier: Classifier) -> Vec<Token> {
    let result = Vec::new();

    

    result
}

fn s
`', libcore/str/mod.rs:2221:9
thread 'request-worker-6' panicked at 'byte index 18446744073709551615 is out of bounds of `use man_parse::token::{Classification, Token};

fn tokenize(input: String, classifier: Classifier) -> Vec<Token> {
    let result = Vec::new();

    

    result
}

fn spl
`', libcore/str/mod.rs:2221:9
thread 'request-worker-1' panicked at 'byte index 18446744073709551615 is out of bounds of `use man_parse::token::{Classification, Token};

fn tokenize(input: String, classifier: Classifier) -> Vec<Token> {
    let result = Vec::new();

    

    result
}

fn spli
`', libcore/str/mod.rs:2221:9
thread 'request-worker-6' panicked at 'byte index 18446744073709551615 is out of bounds of `use man_parse::token::{Classification, Token};

fn tokenize(input: String, classifier: Classifier) -> Vec<Token> {
    let result = Vec::new();

    

    result
}

fn split
`', libcore/str/mod.rs:2221:9
thread 'request-worker-5' panicked at 'Definition should have an end (`{` or `;`)', libcore/option.rs:917:5
error: expected `where`, `{`, `(`, or `;` after struct name, found `#`
 --> bogofile:3:5
  |
3 |     #[test]
  |     ^

error: expected `where`, `{`, `(`, or `;` after struct name, found `#`
 --> bogofile:3:5
  |
3 |     #[test]
  |     ^

error: expected `where`, `{`, `(`, or `;` after struct name, found `#`
 --> bogofile:3:5
  |
3 |     #[test]
  |     ^

error: expected `where`, `{`, `(`, or `;` after struct name, found `#`
 --> bogofile:3:5
  |
3 |     #[test]
  |     ^

error: expected `where`, `{`, `(`, or `;` after struct name, found `#`
 --> bogofile:3:5
  |
3 |     #[test]
  |     ^

error: expected `where`, `{`, `(`, or `;` after struct name, found `#`
 --> bogofile:3:5
  |
3 |     #[test]
  |     ^

error: expected `where`, `{`, `(`, or `;` after struct name, found `#`
 --> bogofile:3:5
  |
3 |     #[test]
  |     ^

error: expected identifier, found keyword `struct`
 --> bogofile:2:5
  |
2 |     struct TestClassifier;
  |     ^^^^^^

error: expected identifier, found keyword `struct`
 --> bogofile:2:5
  |
2 |     struct TestClassifier;
  |     ^^^^^^

error: expected identifier, found keyword `struct`
 --> bogofile:2:5
  |
2 |     struct TestClassifier;
  |     ^^^^^^

error: expected item, found `{`
  --> <stdin>:20:49
   |
20 | fn split(input: &str) -> Iterator{Item: String} {
   |                                                 ^

error: expected one of `<`, `where`, or `{`, found `impl`
 --> bogofile:3:5
  |
3 |     impl Classifier for TestClassifier {}
  |     ^^^^

error: expected one of `<`, `where`, or `{`, found `impl`
 --> bogofile:3:5
  |
3 |     impl Classifier for TestClassifier {}
  |     ^^^^

error: expected one of `<`, `where`, or `{`, found `impl`
 --> bogofile:3:5
  |
3 |     impl Classifier for TestClassifier {}
  |     ^^^^

error: expected one of `<`, `where`, or `{`, found `impl`
 --> bogofile:3:5
  |
3 |     impl Classifier for TestClassifier {}
  |     ^^^^

error: expected one of `!`, `(`, `+`, `::`, `<`, `where`, or `{`, found `;`
  --> <stdin>:35:39
   |
35 |     impl Classification for TestTokens;
   |                                       ^ expected one of 7 possible tokens here

error: expected one of `,` or `as`, found `;`
 --> bogofile:1:37
  |
1 | use man_parse::token::{Classifier, C;
  |                                     ^

error: expected type, found `{`
  --> <stdin>:20:26
   |
20 | fn split(input: &str) -> {//str::SplitWhitespace<_> {
   |                          ^

error: this file contains an un-closed delimiter
  --> <stdin>:48:3
   |
48 | }
   |   ^
   |
help: did you mean to close this delimiter?
  --> <stdin>:20:23
   |
20 | fn split(input: &str) {
   |                       ^

error: expected expression, found `->`
  --> <stdin>:21:5
   |
21 |     -> str::SplitWhitespace<'_> {
   |     ^^

error: expected pattern, found `=>`
 --> bogofile:1:15
  |
1 | match word {  => () };
  |               ^^

error: expected pattern, found `=>`
 --> bogofile:1:15
  |
1 | match word {  => () };
  |               ^^

error: expected pattern, found `=>`
 --> bogofile:1:15
  |
1 | match word {  => () };
  |               ^^

error: expected pattern, found `=>`
 --> bogofile:1:15
  |
1 | match word {  => () };
  |               ^^

error: expected pattern, found `=>`
 --> bogofile:1:15
  |
1 | match word {  => () };
  |               ^^

error: expected pattern, found `=>`
 --> bogofile:1:15
  |
1 | match word {  => () };
  |               ^^

error: expected pattern, found `=>`
 --> bogofile:1:15
  |
1 | match word {  => () };
  |               ^^

error: expected pattern, found `=>`
 --> bogofile:1:15
  |
1 | match word {  => () };
  |               ^^

error: expected pattern, found `=>`
 --> bogofile:1:15
  |
1 | match word {  => () };
  |               ^^

error: expected pattern, found `=>`
 --> bogofile:1:15
  |
1 | match word {  => () };
  |               ^^

error: expected pattern, found `=>`
 --> bogofile:1:15
  |
1 | match word {  => () };
  |               ^^

error: expected pattern, found `=>`
 --> bogofile:1:15
  |
1 | match word {  => () };
  |               ^^

error: expected pattern, found `=>`
 --> bogofile:1:15
  |
1 | match word {  => () };
  |               ^^

error: expected pattern, found `=>`
 --> bogofile:1:15
  |
1 | match word {  => () };
  |               ^^

error: expected pattern, found `=>`
 --> bogofile:1:15
  |
1 | match word {  => () };
  |               ^^

error: expected pattern, found `=>`
 --> bogofile:1:15
  |
1 | match word {  => () };
  |               ^^

error: expected pattern, found `=>`
 --> bogofile:1:15
  |
1 | match word {  => () };
  |               ^^

error: expected identifier, found keyword `enum`
 --> bogofile:3:5
  |
3 |     enum TestToken {
  |     ^^^^

error: expected identifier, found keyword `enum`
 --> bogofile:3:5
  |
3 |     enum TestToken {
  |     ^^^^

error: expected identifier, found keyword `enum`
 --> bogofile:3:5
  |
3 |     enum TestToken {
  |     ^^^^

error: expected identifier, found keyword `impl`
  --> <stdin>:26:7
   |
26 |     #[impl(PartialEq)]
   |       ^^^^ expected identifier, found keyword

error: chained comparison operators require parentheses
  --> <stdin>:12:14
   |
12 |         Token<C> {
   |              ^^^^^
   |
   = help: use `::<...>` instead of `<...>` if you meant to specify type arguments
   = help: or use `(...)` if you meant to specify fn arguments

error: expected one of `!`, `(`, `::`, `;`, `<`, or `}`, found `,`
  --> <stdin>:13:25
   |
13 |             class: class,
   |                         ^ expected one of `!`, `(`, `::`, `;`, `<`, or `}` here

error: chained comparison operators require parentheses
  --> <stdin>:12:21
   |
12 |         return Token<C> {
   |                     ^^^^^
   |
   = help: use `::<...>` instead of `<...>` if you meant to specify type arguments
   = help: or use `(...)` if you meant to specify fn arguments

error: expected one of `!`, `(`, `::`, `;`, `<`, or `}`, found `,`
  --> <stdin>:13:25
   |
13 |             class: class,
   |                         ^ expected one of `!`, `(`, `::`, `;`, `<`, or `}` here

thread 'request-worker-0' panicked at 'begin <= end (475 <= 471) when slicing `use man_parse::token::{Classification, Classifier, Token};

pub fn tokenize<C: Classification>(input: &str, classifier: &Classifier<C>) -> Vec<Token<C>> {
    let mut result = Vec::new();

    let split = input.split_whitespace();

    for c in split {
   `[...]', libcore/str/mod.rs:2225:5
{"message":"unused import: `man_parse::token::Token`","code":{"code":"unused_imports","explanation":null},"level":"warning","spans":[{"file_name":"src/main.rs","byte_start":72,"byte_end":95,"line_start":6,"line_end":6,"column_start":5,"column_end":28,"is_primary":true,"text":[{"text":"use man_parse::token::Token;","highlight_start":5,"highlight_end":28}],"label":null,"suggested_replacement":null,"expansion":null}],"children":[{"message":"#[warn(unused_imports)] on by default","code":null,"level":"note","spans":[],"children":[],"rendered":null}],"rendered":"warning: unused import: `man_parse::token::Token`\n --> src/main.rs:6:5\n  |\n6 | use man_parse::token::Token;\n  |     ^^^^^^^^^^^^^^^^^^^^^^^\n  |\n  = note: #[warn(unused_imports)] on by default\n\n"}
